<?xml version="1.0" encoding="UTF-8"?>
<testng-results ignored="0" total="1" passed="1" failed="0" skipped="0">
  <reporter-output>
  </reporter-output>
  <suite started-at="2022-04-03T18:03:00 IST" name="Default suite" finished-at="2022-04-03T18:03:04 IST" duration-ms="3842">
    <groups>
    </groups>
    <test started-at="2022-04-03T18:03:00 IST" name="Default test" finished-at="2022-04-03T18:03:04 IST" duration-ms="3842">
      <class name="com.testtng.FirstTestng">
        <test-method signature="setup()[pri:0, instance:com.testtng.FirstTestng@7f010382]" started-at="2022-04-03T18:03:00 IST" name="setup" finished-at="2022-04-03T18:03:04 IST" duration-ms="3808" status="PASS">
          <reporter-output>
          </reporter-output>
        </test-method> <!-- setup -->
      </class> <!-- com.testtng.FirstTestng -->
    </test> <!-- Default test -->
  </suite> <!-- Default suite -->
</testng-results>
